Analysis & Synthesis report for fsm
Tue Oct 15 15:52:07 2024
Quartus Prime Version 21.1.0 Build 842 10/21/2021 SJ Lite Edition


---------------------
; Table of Contents ;
---------------------
  1. Legal Notice
  2. Analysis & Synthesis Summary
  3. Analysis & Synthesis Settings
  4. Parallel Compilation
  5. Analysis & Synthesis Source Files Read
  6. Analysis & Synthesis Resource Usage Summary
  7. Analysis & Synthesis Resource Utilization by Entity
  8. State Machine - |fsm|state
  9. Registers Removed During Synthesis
 10. General Register Statistics
 11. Inverted Register Statistics
 12. Multiplexer Restructuring Statistics (Restructuring Performed)
 13. Parameter Settings for User Entity Instance: rcounter:c0p5
 14. Parameter Settings for User Entity Instance: rcounter:c1p5
 15. Parameter Settings for User Entity Instance: rcounter:c0p1
 16. Post-Synthesis Netlist Statistics for Top Partition
 17. Elapsed Time Per Partition
 18. Analysis & Synthesis Messages



----------------
; Legal Notice ;
----------------
Copyright (C) 2021  Intel Corporation. All rights reserved.
Your use of Intel Corporation's design tools, logic functions 
and other software and tools, and any partner logic 
functions, and any output files from any of the foregoing 
(including device programming or simulation files), and any 
associated documentation or information are expressly subject 
to the terms and conditions of the Intel Program License 
Subscription Agreement, the Intel Quartus Prime License Agreement,
the Intel FPGA IP License Agreement, or other applicable license
agreement, including, without limitation, that your use is for
the sole purpose of programming logic devices manufactured by
Intel and sold by Intel or its authorized distributors.  Please
refer to the applicable agreement for further details, at
https://fpgasoftware.intel.com/eula.



+-------------------------------------------------------------------------------+
; Analysis & Synthesis Summary                                                  ;
+---------------------------------+---------------------------------------------+
; Analysis & Synthesis Status     ; Successful - Tue Oct 15 15:52:06 2024       ;
; Quartus Prime Version           ; 21.1.0 Build 842 10/21/2021 SJ Lite Edition ;
; Revision Name                   ; fsm                                         ;
; Top-level Entity Name           ; fsm                                         ;
; Family                          ; Cyclone V                                   ;
; Logic utilization (in ALMs)     ; N/A                                         ;
; Total registers                 ; 106                                         ;
; Total pins                      ; 7                                           ;
; Total virtual pins              ; 0                                           ;
; Total block memory bits         ; 0                                           ;
; Total DSP Blocks                ; 0                                           ;
; Total HSSI RX PCSs              ; 0                                           ;
; Total HSSI PMA RX Deserializers ; 0                                           ;
; Total HSSI TX PCSs              ; 0                                           ;
; Total HSSI PMA TX Serializers   ; 0                                           ;
; Total PLLs                      ; 0                                           ;
; Total DLLs                      ; 0                                           ;
+---------------------------------+---------------------------------------------+


+---------------------------------------------------------------------------------------------------------------------------+
; Analysis & Synthesis Settings                                                                                             ;
+---------------------------------------------------------------------------------+--------------------+--------------------+
; Option                                                                          ; Setting            ; Default Value      ;
+---------------------------------------------------------------------------------+--------------------+--------------------+
; Device                                                                          ; 5CEBA4F23C7        ;                    ;
; Top-level entity name                                                           ; fsm                ; fsm                ;
; Family name                                                                     ; Cyclone V          ; Cyclone V          ;
; Use smart compilation                                                           ; Off                ; Off                ;
; Enable parallel Assembler and Timing Analyzer during compilation                ; On                 ; On                 ;
; Enable compact report table                                                     ; Off                ; Off                ;
; Restructure Multiplexers                                                        ; Auto               ; Auto               ;
; MLAB Add Timing Constraints For Mixed-Port Feed-Through Mode Setting Don't Care ; Off                ; Off                ;
; Create Debugging Nodes for IP Cores                                             ; Off                ; Off                ;
; Preserve fewer node names                                                       ; On                 ; On                 ;
; Intel FPGA IP Evaluation Mode                                                   ; Enable             ; Enable             ;
; Verilog Version                                                                 ; Verilog_2001       ; Verilog_2001       ;
; VHDL Version                                                                    ; VHDL_1993          ; VHDL_1993          ;
; State Machine Processing                                                        ; Auto               ; Auto               ;
; Safe State Machine                                                              ; Off                ; Off                ;
; Extract Verilog State Machines                                                  ; On                 ; On                 ;
; Extract VHDL State Machines                                                     ; On                 ; On                 ;
; Ignore Verilog initial constructs                                               ; Off                ; Off                ;
; Iteration limit for constant Verilog loops                                      ; 5000               ; 5000               ;
; Iteration limit for non-constant Verilog loops                                  ; 250                ; 250                ;
; Add Pass-Through Logic to Inferred RAMs                                         ; On                 ; On                 ;
; Infer RAMs from Raw Logic                                                       ; On                 ; On                 ;
; Parallel Synthesis                                                              ; On                 ; On                 ;
; DSP Block Balancing                                                             ; Auto               ; Auto               ;
; NOT Gate Push-Back                                                              ; On                 ; On                 ;
; Power-Up Don't Care                                                             ; On                 ; On                 ;
; Remove Redundant Logic Cells                                                    ; Off                ; Off                ;
; Remove Duplicate Registers                                                      ; On                 ; On                 ;
; Ignore CARRY Buffers                                                            ; Off                ; Off                ;
; Ignore CASCADE Buffers                                                          ; Off                ; Off                ;
; Ignore GLOBAL Buffers                                                           ; Off                ; Off                ;
; Ignore ROW GLOBAL Buffers                                                       ; Off                ; Off                ;
; Ignore LCELL Buffers                                                            ; Off                ; Off                ;
; Ignore SOFT Buffers                                                             ; On                 ; On                 ;
; Limit AHDL Integers to 32 Bits                                                  ; Off                ; Off                ;
; Optimization Technique                                                          ; Balanced           ; Balanced           ;
; Carry Chain Length                                                              ; 70                 ; 70                 ;
; Auto Carry Chains                                                               ; On                 ; On                 ;
; Auto Open-Drain Pins                                                            ; On                 ; On                 ;
; Perform WYSIWYG Primitive Resynthesis                                           ; Off                ; Off                ;
; Auto ROM Replacement                                                            ; On                 ; On                 ;
; Auto RAM Replacement                                                            ; On                 ; On                 ;
; Auto DSP Block Replacement                                                      ; On                 ; On                 ;
; Auto Shift Register Replacement                                                 ; Auto               ; Auto               ;
; Allow Shift Register Merging across Hierarchies                                 ; Auto               ; Auto               ;
; Auto Clock Enable Replacement                                                   ; On                 ; On                 ;
; Strict RAM Replacement                                                          ; Off                ; Off                ;
; Allow Synchronous Control Signals                                               ; On                 ; On                 ;
; Force Use of Synchronous Clear Signals                                          ; Off                ; Off                ;
; Auto Resource Sharing                                                           ; Off                ; Off                ;
; Allow Any RAM Size For Recognition                                              ; Off                ; Off                ;
; Allow Any ROM Size For Recognition                                              ; Off                ; Off                ;
; Allow Any Shift Register Size For Recognition                                   ; Off                ; Off                ;
; Use LogicLock Constraints during Resource Balancing                             ; On                 ; On                 ;
; Ignore translate_off and synthesis_off directives                               ; Off                ; Off                ;
; Timing-Driven Synthesis                                                         ; On                 ; On                 ;
; Report Parameter Settings                                                       ; On                 ; On                 ;
; Report Source Assignments                                                       ; On                 ; On                 ;
; Report Connectivity Checks                                                      ; On                 ; On                 ;
; Ignore Maximum Fan-Out Assignments                                              ; Off                ; Off                ;
; Synchronization Register Chain Length                                           ; 3                  ; 3                  ;
; Power Optimization During Synthesis                                             ; Normal compilation ; Normal compilation ;
; HDL message level                                                               ; Level2             ; Level2             ;
; Suppress Register Optimization Related Messages                                 ; Off                ; Off                ;
; Number of Removed Registers Reported in Synthesis Report                        ; 5000               ; 5000               ;
; Number of Swept Nodes Reported in Synthesis Report                              ; 5000               ; 5000               ;
; Number of Inverted Registers Reported in Synthesis Report                       ; 100                ; 100                ;
; Clock MUX Protection                                                            ; On                 ; On                 ;
; Auto Gated Clock Conversion                                                     ; Off                ; Off                ;
; Block Design Naming                                                             ; Auto               ; Auto               ;
; SDC constraint protection                                                       ; Off                ; Off                ;
; Synthesis Effort                                                                ; Auto               ; Auto               ;
; Shift Register Replacement - Allow Asynchronous Clear Signal                    ; On                 ; On                 ;
; Pre-Mapping Resynthesis Optimization                                            ; Off                ; Off                ;
; Analysis & Synthesis Message Level                                              ; Medium             ; Medium             ;
; Disable Register Merging Across Hierarchies                                     ; Auto               ; Auto               ;
; Resource Aware Inference For Block RAM                                          ; On                 ; On                 ;
; Automatic Parallel Synthesis                                                    ; On                 ; On                 ;
; Partial Reconfiguration Bitstream ID                                            ; Off                ; Off                ;
+---------------------------------------------------------------------------------+--------------------+--------------------+


+------------------------------------------+
; Parallel Compilation                     ;
+----------------------------+-------------+
; Processors                 ; Number      ;
+----------------------------+-------------+
; Number detected on machine ; 4           ;
; Maximum allowed            ; 4           ;
;                            ;             ;
; Average used               ; 1.00        ;
; Maximum used               ; 4           ;
;                            ;             ;
; Usage by Processor         ; % Time Used ;
;     Processor 1            ; 100.0%      ;
;     Processors 2-4         ;   0.0%      ;
+----------------------------+-------------+


+-----------------------------------------------------------------------------------------------------------------------------------------------+
; Analysis & Synthesis Source Files Read                                                                                                        ;
+----------------------------------+-----------------+-----------------------+--------------------------------------------------------+---------+
; File Name with User-Entered Path ; Used in Netlist ; File Type             ; File Name with Absolute Path                           ; Library ;
+----------------------------------+-----------------+-----------------------+--------------------------------------------------------+---------+
; fsm.vhd                          ; yes             ; Auto-Found VHDL File  ; C:/Users/15491959/Desktop/gnose/qrt_fsm2/fsm.vhd       ;         ;
; shift_reg.vhd                    ; yes             ; Auto-Found VHDL File  ; C:/Users/15491959/Desktop/gnose/qrt_fsm2/shift_reg.vhd ;         ;
; rcounter.vhd                     ; yes             ; Auto-Found VHDL File  ; C:/Users/15491959/Desktop/gnose/qrt_fsm2/rcounter.vhd  ;         ;
+----------------------------------+-----------------+-----------------------+--------------------------------------------------------+---------+


+---------------------------------------------------------+
; Analysis & Synthesis Resource Usage Summary             ;
+---------------------------------------------+-----------+
; Resource                                    ; Usage     ;
+---------------------------------------------+-----------+
; Estimate of Logic utilization (ALMs needed) ; 74        ;
;                                             ;           ;
; Combinational ALUT usage for logic          ; 131       ;
;     -- 7 input functions                    ; 2         ;
;     -- 6 input functions                    ; 15        ;
;     -- 5 input functions                    ; 8         ;
;     -- 4 input functions                    ; 7         ;
;     -- <=3 input functions                  ; 99        ;
;                                             ;           ;
; Dedicated logic registers                   ; 106       ;
;                                             ;           ;
; I/O pins                                    ; 7         ;
;                                             ;           ;
; Total DSP Blocks                            ; 0         ;
;                                             ;           ;
; Maximum fan-out node                        ; clk~input ;
; Maximum fan-out                             ; 106       ;
; Total fan-out                               ; 864       ;
; Average fan-out                             ; 3.44      ;
+---------------------------------------------+-----------+


+--------------------------------------------------------------------------------------------------------------------------------------------------------------------------------------------+
; Analysis & Synthesis Resource Utilization by Entity                                                                                                                                        ;
+----------------------------+---------------------+---------------------------+-------------------+------------+------+--------------+-------------------------+-------------+--------------+
; Compilation Hierarchy Node ; Combinational ALUTs ; Dedicated Logic Registers ; Block Memory Bits ; DSP Blocks ; Pins ; Virtual Pins ; Full Hierarchy Name     ; Entity Name ; Library Name ;
+----------------------------+---------------------+---------------------------+-------------------+------------+------+--------------+-------------------------+-------------+--------------+
; |fsm                       ; 131 (31)            ; 106 (24)                  ; 0                 ; 0          ; 7    ; 0            ; |fsm                    ; fsm         ; work         ;
;    |rcounter:c0p1|         ; 28 (28)             ; 24 (24)                   ; 0                 ; 0          ; 0    ; 0            ; |fsm|rcounter:c0p1      ; rcounter    ; work         ;
;    |rcounter:c0p5|         ; 30 (30)             ; 26 (26)                   ; 0                 ; 0          ; 0    ; 0            ; |fsm|rcounter:c0p5      ; rcounter    ; work         ;
;    |rcounter:c1p5|         ; 33 (33)             ; 28 (28)                   ; 0                 ; 0          ; 0    ; 0            ; |fsm|rcounter:c1p5      ; rcounter    ; work         ;
;    |shift_reg:shift_re|    ; 9 (9)               ; 4 (4)                     ; 0                 ; 0          ; 0    ; 0            ; |fsm|shift_reg:shift_re ; shift_reg   ; work         ;
+----------------------------+---------------------+---------------------------+-------------------+------------+------+--------------+-------------------------+-------------+--------------+
Note: For table entries with two numbers listed, the numbers in parentheses indicate the number of resources of the given type used by the specific entity alone. The numbers listed outside of parentheses indicate the total resources of the given type used by the specific entity and all of its sub-entities in the hierarchy.


Encoding Type:  One-Hot
+--------------------------------------------------------------------------------------------------+
; State Machine - |fsm|state                                                                       ;
+-----------------+-----------------+-----------------+-----------------+-------------+------------+
; Name            ; state.print_0p1 ; state.print_0p5 ; state.print_1p5 ; state.shift ; state.idle ;
+-----------------+-----------------+-----------------+-----------------+-------------+------------+
; state.idle      ; 0               ; 0               ; 0               ; 0           ; 0          ;
; state.shift     ; 0               ; 0               ; 0               ; 1           ; 1          ;
; state.print_1p5 ; 0               ; 0               ; 1               ; 0           ; 1          ;
; state.print_0p5 ; 0               ; 1               ; 0               ; 0           ; 1          ;
; state.print_0p1 ; 1               ; 0               ; 0               ; 0           ; 1          ;
+-----------------+-----------------+-----------------+-----------------+-------------+------------+


+--------------------------------------------------------------------------------+
; Registers Removed During Synthesis                                             ;
+---------------------------------------+----------------------------------------+
; Register name                         ; Reason for Removal                     ;
+---------------------------------------+----------------------------------------+
; shift_assign[0]                       ; Stuck at GND due to stuck port data_in ;
; Total Number of Removed Registers = 1 ;                                        ;
+---------------------------------------+----------------------------------------+


+------------------------------------------------------+
; General Register Statistics                          ;
+----------------------------------------------+-------+
; Statistic                                    ; Value ;
+----------------------------------------------+-------+
; Total registers                              ; 106   ;
; Number of registers using Synchronous Clear  ; 75    ;
; Number of registers using Synchronous Load   ; 0     ;
; Number of registers using Asynchronous Clear ; 92    ;
; Number of registers using Asynchronous Load  ; 0     ;
; Number of registers using Clock Enable       ; 92    ;
; Number of registers using Preset             ; 0     ;
+----------------------------------------------+-------+


+--------------------------------------------------+
; Inverted Register Statistics                     ;
+----------------------------------------+---------+
; Inverted Register                      ; Fan out ;
+----------------------------------------+---------+
; clock1p5_reset                         ; 29      ;
; clock5_reset                           ; 27      ;
; clock1_reset                           ; 25      ;
; shift_reset                            ; 10      ;
; Total number of inverted registers = 4 ;         ;
+----------------------------------------+---------+


+------------------------------------------------------------------------------------------------------------------------------------------+
; Multiplexer Restructuring Statistics (Restructuring Performed)                                                                           ;
+--------------------+-----------+---------------+----------------------+------------------------+------------+----------------------------+
; Multiplexer Inputs ; Bus Width ; Baseline Area ; Area if Restructured ; Saving if Restructured ; Registered ; Example Multiplexer Output ;
+--------------------+-----------+---------------+----------------------+------------------------+------------+----------------------------+
; 4:1                ; 3 bits    ; 6 LEs         ; 3 LEs                ; 3 LEs                  ; Yes        ; |fsm|qtt_printed[2]        ;
; 9:1                ; 2 bits    ; 12 LEs        ; 4 LEs                ; 8 LEs                  ; No         ; |fsm|Selector3             ;
; 10:1               ; 2 bits    ; 12 LEs        ; 4 LEs                ; 8 LEs                  ; No         ; |fsm|Selector5             ;
+--------------------+-----------+---------------+----------------------+------------------------+------------+----------------------------+


+------------------------------------------------------------+
; Parameter Settings for User Entity Instance: rcounter:c0p5 ;
+----------------+----------+--------------------------------+
; Parameter Name ; Value    ; Type                           ;
+----------------+----------+--------------------------------+
; modulo         ; 25000000 ; Signed Integer                 ;
; min            ; 0        ; Signed Integer                 ;
; max            ; 30000000 ; Signed Integer                 ;
+----------------+----------+--------------------------------+
Note: In order to hide this table in the UI and the text report file, please set the "Show Parameter Settings in Synthesis Report" option in "Analysis and Synthesis Settings -> More Settings" to "Off".


+------------------------------------------------------------+
; Parameter Settings for User Entity Instance: rcounter:c1p5 ;
+----------------+----------+--------------------------------+
; Parameter Name ; Value    ; Type                           ;
+----------------+----------+--------------------------------+
; modulo         ; 75000000 ; Signed Integer                 ;
; min            ; 0        ; Signed Integer                 ;
; max            ; 80000000 ; Signed Integer                 ;
+----------------+----------+--------------------------------+
Note: In order to hide this table in the UI and the text report file, please set the "Show Parameter Settings in Synthesis Report" option in "Analysis and Synthesis Settings -> More Settings" to "Off".


+------------------------------------------------------------+
; Parameter Settings for User Entity Instance: rcounter:c0p1 ;
+----------------+---------+---------------------------------+
; Parameter Name ; Value   ; Type                            ;
+----------------+---------+---------------------------------+
; modulo         ; 5000000 ; Signed Integer                  ;
; min            ; 0       ; Signed Integer                  ;
; max            ; 6000000 ; Signed Integer                  ;
+----------------+---------+---------------------------------+
Note: In order to hide this table in the UI and the text report file, please set the "Show Parameter Settings in Synthesis Report" option in "Analysis and Synthesis Settings -> More Settings" to "Off".


+-----------------------------------------------------+
; Post-Synthesis Netlist Statistics for Top Partition ;
+-----------------------+-----------------------------+
; Type                  ; Count                       ;
+-----------------------+-----------------------------+
; arriav_ff             ; 106                         ;
;     CLR               ; 10                          ;
;     ENA               ; 10                          ;
;     ENA CLR           ; 7                           ;
;     ENA CLR SCLR      ; 75                          ;
;     plain             ; 4                           ;
; arriav_lcell_comb     ; 131                         ;
;     arith             ; 75                          ;
;         1 data inputs ; 75                          ;
;     extend            ; 2                           ;
;         7 data inputs ; 2                           ;
;     normal            ; 54                          ;
;         2 data inputs ; 6                           ;
;         3 data inputs ; 18                          ;
;         4 data inputs ; 7                           ;
;         5 data inputs ; 8                           ;
;         6 data inputs ; 15                          ;
; boundary_port         ; 7                           ;
;                       ;                             ;
; Max LUT depth         ; 3.60                        ;
; Average LUT depth     ; 2.36                        ;
+-----------------------+-----------------------------+


+-------------------------------+
; Elapsed Time Per Partition    ;
+----------------+--------------+
; Partition Name ; Elapsed Time ;
+----------------+--------------+
; Top            ; 00:00:00     ;
+----------------+--------------+


+-------------------------------+
; Analysis & Synthesis Messages ;
+-------------------------------+
Info: *******************************************************************
Info: Running Quartus Prime Analysis & Synthesis
    Info: Version 21.1.0 Build 842 10/21/2021 SJ Lite Edition
    Info: Processing started: Tue Oct 15 15:51:55 2024
Info: Command: quartus_map --read_settings_files=on --write_settings_files=off fsm -c fsm
Warning (18236): Number of processors has not been specified which may cause overloading on shared machines.  Set the global assignment NUM_PARALLEL_PROCESSORS in your QSF to an appropriate value for best performance.
Info (20030): Parallel compilation is enabled and will use 4 of the 4 processors detected
Warning (12125): Using design file fsm.vhd, which is not specified as a design file for the current project, but contains definitions for 2 design units and 1 entities in project
    Info (12022): Found design unit 1: fsm-Behaviour File: C:/Users/15491959/Desktop/gnose/qrt_fsm2/fsm.vhd Line: 15
    Info (12023): Found entity 1: fsm File: C:/Users/15491959/Desktop/gnose/qrt_fsm2/fsm.vhd Line: 5
Info (12127): Elaborating entity "fsm" for the top level hierarchy
Warning (12125): Using design file shift_reg.vhd, which is not specified as a design file for the current project, but contains definitions for 2 design units and 1 entities in project
    Info (12022): Found design unit 1: shift_reg-Behaviour File: C:/Users/15491959/Desktop/gnose/qrt_fsm2/shift_reg.vhd Line: 15
    Info (12023): Found entity 1: shift_reg File: C:/Users/15491959/Desktop/gnose/qrt_fsm2/shift_reg.vhd Line: 5
Info (12128): Elaborating entity "shift_reg" for hierarchy "shift_reg:shift_re" File: C:/Users/15491959/Desktop/gnose/qrt_fsm2/fsm.vhd Line: 86
Warning (10492): VHDL Process Statement warning at shift_reg.vhd(21): signal "d" is read inside the Process Statement but isn't in the Process Statement's sensitivity list File: C:/Users/15491959/Desktop/gnose/qrt_fsm2/shift_reg.vhd Line: 21
Warning (12125): Using design file rcounter.vhd, which is not specified as a design file for the current project, but contains definitions for 2 design units and 1 entities in project
    Info (12022): Found design unit 1: rcounter-Behaviour File: C:/Users/15491959/Desktop/gnose/qrt_fsm2/rcounter.vhd Line: 19
    Info (12023): Found entity 1: rcounter File: C:/Users/15491959/Desktop/gnose/qrt_fsm2/rcounter.vhd Line: 5
Info (12128): Elaborating entity "rcounter" for hierarchy "rcounter:c0p5" File: C:/Users/15491959/Desktop/gnose/qrt_fsm2/fsm.vhd Line: 96
Warning (10492): VHDL Process Statement warning at rcounter.vhd(27): signal "enable" is read inside the Process Statement but isn't in the Process Statement's sensitivity list File: C:/Users/15491959/Desktop/gnose/qrt_fsm2/rcounter.vhd Line: 27
Info (12128): Elaborating entity "rcounter" for hierarchy "rcounter:c1p5" File: C:/Users/15491959/Desktop/gnose/qrt_fsm2/fsm.vhd Line: 109
Warning (10492): VHDL Process Statement warning at rcounter.vhd(27): signal "enable" is read inside the Process Statement but isn't in the Process Statement's sensitivity list File: C:/Users/15491959/Desktop/gnose/qrt_fsm2/rcounter.vhd Line: 27
Info (12128): Elaborating entity "rcounter" for hierarchy "rcounter:c0p1" File: C:/Users/15491959/Desktop/gnose/qrt_fsm2/fsm.vhd Line: 122
Warning (10492): VHDL Process Statement warning at rcounter.vhd(27): signal "enable" is read inside the Process Statement but isn't in the Process Statement's sensitivity list File: C:/Users/15491959/Desktop/gnose/qrt_fsm2/rcounter.vhd Line: 27
Warning (13004): Presettable and clearable registers converted to equivalent circuits with latches. Registers power-up to an undefined state, and DEVCLRn places the registers in an undefined state.
    Warning (13310): Register "shift_reg:shift_re|word[3]" is converted into an equivalent circuit using register "shift_reg:shift_re|word[3]~_emulated" and latch "shift_reg:shift_re|word[3]~1" File: C:/Users/15491959/Desktop/gnose/qrt_fsm2/shift_reg.vhd Line: 20
    Warning (13310): Register "shift_reg:shift_re|word[2]" is converted into an equivalent circuit using register "shift_reg:shift_re|word[2]~_emulated" and latch "shift_reg:shift_re|word[2]~5" File: C:/Users/15491959/Desktop/gnose/qrt_fsm2/shift_reg.vhd Line: 20
    Warning (13310): Register "shift_reg:shift_re|word[1]" is converted into an equivalent circuit using register "shift_reg:shift_re|word[1]~_emulated" and latch "shift_reg:shift_re|word[1]~9" File: C:/Users/15491959/Desktop/gnose/qrt_fsm2/shift_reg.vhd Line: 20
Info (286030): Timing-Driven Synthesis is running
Critical Warning (18061): Ignored Power-Up Level option on the following registers
    Critical Warning (18010): Register shift_reset will power up to High File: C:/Users/15491959/Desktop/gnose/qrt_fsm2/fsm.vhd Line: 69
Info (16010): Generating hard_block partition "hard_block:auto_generated_inst"
    Info (16011): Adding 0 node(s), including 0 DDIO, 0 PLL, 0 transceiver and 0 LCELL
Info (21057): Implemented 143 device resources after synthesis - the final resource count might be different
    Info (21058): Implemented 6 input pins
    Info (21059): Implemented 1 output pins
    Info (21061): Implemented 136 logic cells
Info: Quartus Prime Analysis & Synthesis was successful. 0 errors, 14 warnings
    Info: Peak virtual memory: 4883 megabytes
    Info: Processing ended: Tue Oct 15 15:52:07 2024
    Info: Elapsed time: 00:00:12
    Info: Total CPU time (on all processors): 00:00:20


